{"level":"debug","ts":"2025-06-12T08:45:30.692Z","caller":"service/movieservice.go:185","msg":"Start: GetMovies"}
{"level":"error","ts":"2025-06-12T08:45:30.693Z","caller":"service/movieservice.go:195","msg":"Error in GetMovies","error":"movies not found","duration":"656.834µs"}
{"level":"debug","ts":"2025-06-12T08:45:44.954Z","caller":"service/movieservice.go:185","msg":"Start: GetMovies"}
{"level":"error","ts":"2025-06-12T08:45:44.954Z","caller":"service/movieservice.go:195","msg":"Error in GetMovies","error":"failed to count movies: near \"ILIKE\": syntax error","duration":"462.659µs"}
{"level":"debug","ts":"2025-06-12T08:46:03.031Z","caller":"service/movieservice.go:185","msg":"Start: GetMovies"}
{"level":"error","ts":"2025-06-12T08:46:03.031Z","caller":"service/movieservice.go:195","msg":"Error in GetMovies","error":"failed to count movies: near \"ILIKE\": syntax error","duration":"370.695µs"}
{"level":"debug","ts":"2025-06-12T08:46:06.582Z","caller":"service/movieservice.go:185","msg":"Start: GetMovies"}
{"level":"error","ts":"2025-06-12T08:46:06.583Z","caller":"service/movieservice.go:195","msg":"Error in GetMovies","error":"failed to count movies: near \"ILIKE\": syntax error","duration":"398.538µs"}
{"level":"debug","ts":"2025-06-12T09:09:37.427Z","caller":"service/movieservice.go:208","msg":"Start: GetMovies"}
{"level":"error","ts":"2025-06-12T09:09:37.496Z","caller":"service/movieservice.go:218","msg":"Error in GetMovies","error":"dial tcp [::1]:6379: connect: connection refused","duration":"69.637754ms"}
{"level":"debug","ts":"2025-06-12T09:17:51.264Z","caller":"service/movieservice.go:208","msg":"Start: GetMovies"}
{"level":"error","ts":"2025-06-12T09:17:51.269Z","caller":"service/movieservice.go:218","msg":"Error in GetMovies","error":"movies not found","duration":"5.389911ms"}
{"level":"debug","ts":"2025-06-12T09:18:15.469Z","caller":"service/movieservice.go:208","msg":"Start: GetMovies"}
{"level":"error","ts":"2025-06-12T09:18:15.470Z","caller":"service/movieservice.go:218","msg":"Error in GetMovies","error":"movies not found","duration":"903.099µs"}
{"level":"debug","ts":"2025-06-12T09:18:44.136Z","caller":"service/movieservice.go:208","msg":"Start: CreateMovie"}
{"level":"info","ts":"2025-06-12T09:18:44.140Z","caller":"service/movieservice.go:225","msg":"Success: CreateMovie","duration":"3.732486ms"}
{"level":"debug","ts":"2025-06-12T09:18:51.771Z","caller":"service/movieservice.go:208","msg":"Start: GetMovies"}
{"level":"info","ts":"2025-06-12T09:18:51.772Z","caller":"service/movieservice.go:225","msg":"Success: GetMovies","duration":"1.53651ms"}
{"level":"debug","ts":"2025-06-12T09:18:55.698Z","caller":"service/movieservice.go:208","msg":"Start: GetMovies"}
{"level":"info","ts":"2025-06-12T09:18:55.698Z","caller":"service/movieservice.go:225","msg":"Success: GetMovies","duration":"391.075µs"}
{"level":"debug","ts":"2025-06-12T09:19:11.958Z","caller":"service/movieservice.go:208","msg":"Start: GetMovies"}
{"level":"info","ts":"2025-06-12T09:19:11.959Z","caller":"service/movieservice.go:225","msg":"Success: GetMovies","duration":"460.514µs"}
{"level":"debug","ts":"2025-06-12T09:19:12.436Z","caller":"service/movieservice.go:208","msg":"Start: GetMovies"}
{"level":"info","ts":"2025-06-12T09:19:12.436Z","caller":"service/movieservice.go:225","msg":"Success: GetMovies","duration":"347.242µs"}
{"level":"debug","ts":"2025-06-12T09:19:12.807Z","caller":"service/movieservice.go:208","msg":"Start: GetMovies"}
{"level":"info","ts":"2025-06-12T09:19:12.807Z","caller":"service/movieservice.go:225","msg":"Success: GetMovies","duration":"319.588µs"}
{"level":"debug","ts":"2025-06-12T09:19:13.141Z","caller":"service/movieservice.go:208","msg":"Start: GetMovies"}
{"level":"info","ts":"2025-06-12T09:19:13.142Z","caller":"service/movieservice.go:225","msg":"Success: GetMovies","duration":"344.021µs"}
